开始生成时的环境:
ALLUSERSPROFILE = C:\ProgramData
APPDATA = C:\Users\Administrator\AppData\Roaming
CLASSPATH = .;C:\Program Files\Java\jdk1.8.0_91\lib;C:\Program Files\Java\jdk1.8.0_91\lib\tools.jar;CLASSPATH = .;C:\Program Files\Java\jdk1.8.0_91\lib;C:\Program Files\Java\jdk1.8.0_91\lib\tools.jar;CLASSPATH = .;%JAVA_HOME%\lib;%JAVA_HOME%\lib\tools.jar;CLASSPATH = %CLASSPATH%;E:\lip2\tpdsl-code\code\antlr-3.2.jar;E:\lip2\tpdsl-code\code\antlr-3.2.jar;E:\lip2\tpdsl-code\code\antlr-3.2.jar
CommonProgramFiles = C:\Program Files (x86)\Common Files
CommonProgramFiles(x86) = C:\Program Files (x86)\Common Files
CommonProgramW6432 = C:\Program Files\Common Files
COMPUTERNAME = 2013-20160614MO
ComSpec = C:\Windows\system32\cmd.exe
DEVMGR_SHOW_DETAILS = 1
FP_NO_HOST_CHECK = NO
HOMEDRIVE = C:
HOMEPATH = \Users\Administrator
JAVA_HOME = C:\Program Files\Java\jdk1.8.0_91
LOCALAPPDATA = C:\Users\Administrator\AppData\Local
LOGONSERVER = \\2013-20160614MO
MSBuildLoadMicrosoftTargetsReadOnly = true
MYSQLCONNECTOR_ASSEMBLIESPATH = C:\Program Files (x86)\MySQL\Connector.NET 6.9\Assemblies\v4.5
NUMBER_OF_PROCESSORS = 4
OS = Windows_NT
Path = D:\vs2015\Common7\IDE\CommonExtensions\Microsoft\TeamFoundation\Team Explorer\NativeBinaries\x86;C:\ProgramData\Oracle\Java\javapath;C:\Windows\system32;C:\Windows;C:\Windows\System32\Wbem;C:\Windows\System32\WindowsPowerShell\v1.0\;C:\Program Files (x86)\Windows7Master;C:\Program Files (x86)\Windows Kits\8.1\Windows Performance Toolkit\;C:\Qt\Qt5.7.0\5.7\msvc2015_64\bin;C:\Program Files\Java\jdk1.8.0_91\bin;C:\Program Files\Java\jdk1.8.0_91\jre\bin;C:\Program Files (x86)\Calibre2\;D:\SQL\mysql-5.7.14-winx64;C:\Program Files (x86)\MySQL\MySQL Fabric 1.5 & MySQL Utilities 1.5\;C:\Program Files (x86)\MySQL\MySQL Fabric 1.5 & MySQL Utilities 1.5\Doctrine extensions for PHP\;E:\lip2\tpdsl-code\code\antlr-3.2.jar
PATHEXT = .COM;.EXE;.BAT;.CMD;.VBS;.VBE;.JS;.JSE;.WSF;.WSH;.MSC
PkgDefApplicationConfigFile = C:\Users\Administrator\AppData\Local\Microsoft\VisualStudio\14.0\devenv.exe.config
PROCESSOR_ARCHITECTURE = x86
PROCESSOR_ARCHITEW6432 = AMD64
PROCESSOR_IDENTIFIER = Intel64 Family 6 Model 60 Stepping 3, GenuineIntel
PROCESSOR_LEVEL = 6
PROCESSOR_REVISION = 3c03
ProgramData = C:\ProgramData
ProgramFiles = C:\Program Files (x86)
ProgramFiles(x86) = C:\Program Files (x86)
ProgramW6432 = C:\Program Files
PSModulePath = C:\Windows\system32\WindowsPowerShell\v1.0\Modules\
PUBLIC = C:\Users\Public
SESSIONNAME = Console
SystemDrive = C:
SystemRoot = C:\Windows
TEMP = C:\Users\ADMINI~1\AppData\Local\Temp
TMP = C:\Users\ADMINI~1\AppData\Local\Temp
USERDOMAIN = 2013-20160614MO
USERNAME = Administrator
USERPROFILE = C:\Users\Administrator
VisualStudioDir = D:\Documents\Visual Studio 2015
VisualStudioEdition = Microsoft Visual Studio Professional 2015
VisualStudioVersion = 14.0
VS140COMNTOOLS = D:\vs2015\Common7\Tools\
VSLANG = 2052
windir = C:\Windows
windows_tracing_flags = 3
windows_tracing_logfile = C:\BVTBin\Tests\installpackage\csilogfile.log
_DFX_INSTALL_UNSIGNED_DRIVER = 1
_PTVS_PID = 5088

  main.cpp
  MarkDownParser2.vcxproj -> E:\MarkDownParser2\Debug\MarkDownParser2.exe
  MarkDownParser2.vcxproj -> E:\MarkDownParser2\Debug\MarkDownParser2.pdb (Partial PDB)
